<?xml version="1.0" encoding="UTF-8"?>
<!-- Generated by org.testng.reporters.JUnitReportReporter -->
<testsuite hostname="DESKTOP-E079B1M" failures="0" tests="1" name="com.ebanking.testCases.NewCustomerTest" time="9.619" errors="0" timestamp="2022-01-16T20:15:22 IST" skipped="0">
  <testcase classname="com.ebanking.testCases.NewCustomerTest" name="loginAppAddNewCust" time="9.619"/>
  <system-out/>
</testsuite> <!-- com.ebanking.testCases.NewCustomerTest -->
