<?xml version="1.0" encoding="UTF-8"?>
<!-- Generated by org.testng.reporters.JUnitReportReporter -->
<testsuite hostname="DESKTOP-E079B1M" failures="0" tests="1" name="com.ebanking.testCases.LoginTest" time="1.875" errors="0" timestamp="2022-01-16T16:05:52 IST" skipped="0">
  <testcase classname="com.ebanking.testCases.LoginTest" name="loginApp" time="1.875"/>
  <system-out/>
</testsuite> <!-- com.ebanking.testCases.LoginTest -->
