<?xml version="1.0" encoding="UTF-8"?>
<!-- Generated by org.testng.reporters.JUnitReportReporter -->
<testsuite hostname="DESKTOP-E079B1M" failures="0" tests="1" name="com.ebanking.testCases.NewCustomerTest" time="6.522" errors="0" timestamp="2022-01-17T14:30:07 IST" skipped="0">
  <testcase classname="com.ebanking.testCases.NewCustomerTest" name="loginAppAddNewCust" time="6.522"/>
  <system-out/>
</testsuite> <!-- com.ebanking.testCases.NewCustomerTest -->
